Using pre-set license
Built from '2021.1/release' branch; Version is '2021.1.1f1 (6fdc41dfa55a) revision 7330881'; Using compiler version '192528614'; Build Type 'Release'
OS: 'Windows 10 Pro; OS build 19043.1110; Version 2009; 64bit' Language: 'ru' Physical Memory: 16336 MB
BatchMode: 1, IsHumanControllingUs: 0, StartBugReporterOnCrash: 0, Is64bit: 1, IsPro: 0

 COMMAND LINE ARGUMENTS:
D:\Programs\Unity\Editor\Unity.exe
-adb2
-batchMode
-noUpm
-name
AssetImportWorker1
-projectPath
D:/Dima/Programming/NewRoguelike/New Unity Project
-logFile
Logs/AssetImportWorker1.log
-srvPort
53669
Successfully changed project path to: D:/Dima/Programming/NewRoguelike/New Unity Project
D:/Dima/Programming/NewRoguelike/New Unity Project
Using Asset Import Pipeline V2.
Refreshing native plugins compatible for Editor in 163.57 ms, found 2 plugins.
Preloading 0 native plugins for Editor in 0.00 ms.
Initialize engine version: 2021.1.1f1 (6fdc41dfa55a)
[Subsystems] Discovering subsystems at path D:/Programs/Unity/Editor/Data/Resources/UnitySubsystems
[Subsystems] Discovering subsystems at path D:/Dima/Programming/NewRoguelike/New Unity Project/Assets
GfxDevice: creating device client; threaded=0; jobified=0
Direct3D:
    Version:  Direct3D 11.0 [level 11.1]
    Renderer: NVIDIA GeForce GTX 1660 Ti (ID=0x2182)
    Vendor:   NVIDIA
    VRAM:     5991 MB
    Driver:   27.21.14.6079
Shader 'Universal Render Pipeline/Particles/Lit': fallback shader 'Universal Render Pipeline/Particles/SimpleLit' not found
Initialize mono
Mono path[0] = 'D:/Programs/Unity/Editor/Data/Managed'
Mono path[1] = 'D:/Programs/Unity/Editor/Data/MonoBleedingEdge/lib/mono/unityjit'
Mono config path = 'D:/Programs/Unity/Editor/Data/MonoBleedingEdge/etc'
Using monoOptions --debugger-agent=transport=dt_socket,embedding=1,server=y,suspend=n,address=127.0.0.1:56428
Begin MonoManager ReloadAssembly
Registering precompiled unity dll's ...
Register platform support module: D:/Programs/Unity/Editor/Data/PlaybackEngines/WindowsStandaloneSupport/UnityEditor.WindowsStandalone.Extensions.dll
Registered in 0.001244 seconds.
Native extension for WindowsStandalone target not found
Refreshing native plugins compatible for Editor in 171.96 ms, found 2 plugins.
Preloading 0 native plugins for Editor in 0.00 ms.
Mono: successfully reloaded assembly
- Completed reload, in  1.483 seconds
Platform modules already initialized, skipping
Registering precompiled user dll's ...
Registered in 0.003659 seconds.
Begin MonoManager ReloadAssembly
Native extension for WindowsStandalone target not found
Refreshing native plugins compatible for Editor in 183.07 ms, found 2 plugins.
Preloading 0 native plugins for Editor in 0.00 ms.
Mono: successfully reloaded assembly
- Completed reload, in  1.536 seconds
Platform modules already initialized, skipping
========================================================================
Worker process is ready to serve import requests
Shader 'Universal Render Pipeline/Particles/Lit': fallback shader 'Universal Render Pipeline/Particles/SimpleLit' not found
Launched and connected shader compiler UnityShaderCompiler.exe after 0.14 seconds
Refreshing native plugins compatible for Editor in 1.29 ms, found 2 plugins.
Preloading 0 native plugins for Editor in 0.00 ms.
Unloading 4736 Unused Serialized files (Serialized files now loaded: 0)
System memory in use before: 204.6 MB.
System memory in use after: 204.9 MB.

Unloading 24 unused Assets to reduce memory usage. Loaded Objects now: 5218.
Total: 3.489100 ms (FindLiveObjects: 0.410600 ms CreateObjectMapping: 0.138600 ms MarkObjects: 2.900200 ms  DeleteObjects: 0.038300 ms)

========================================================================
Received Import Request.
  path: Assets/Prefabs/Characters/enemies/Minotaur_1.prefab
  artifactKey: Guid(30a1968b45e81c841b6ac98da7cbbac6) Importer(815301076,1909f56bfc062723c751e8b465ee728b)
Start importing Assets/Prefabs/Characters/enemies/Minotaur_1.prefab using Guid(30a1968b45e81c841b6ac98da7cbbac6) Importer(815301076,1909f56bfc062723c751e8b465ee728b)  -> (artifact id: 'ed8b2c0d841bf0e41b5d99a0aa6c890f') in 0.605017 seconds 
========================================================================
Received Prepare
Shader 'Universal Render Pipeline/Particles/Lit': fallback shader 'Universal Render Pipeline/Particles/SimpleLit' not found
Refreshing native plugins compatible for Editor in 3.20 ms, found 2 plugins.
Preloading 0 native plugins for Editor in 0.00 ms.
Unloading 11 Unused Serialized files (Serialized files now loaded: 0)
System memory in use before: 110.2 MB.
System memory in use after: 110.4 MB.

Unloading 11 unused Assets to reduce memory usage. Loaded Objects now: 5225.
Total: 4.106200 ms (FindLiveObjects: 0.402000 ms CreateObjectMapping: 0.159800 ms MarkObjects: 3.520900 ms  DeleteObjects: 0.022500 ms)

========================================================================
Received Import Request.
  Time since last request: 11.511757 seconds.
  path: Assets/Prefabs/Characters/enemies/Minotaur_1.prefab
  artifactKey: Guid(30a1968b45e81c841b6ac98da7cbbac6) Importer(815301076,1909f56bfc062723c751e8b465ee728b)
Start importing Assets/Prefabs/Characters/enemies/Minotaur_1.prefab using Guid(30a1968b45e81c841b6ac98da7cbbac6) Importer(815301076,1909f56bfc062723c751e8b465ee728b)  -> (artifact id: 'a759681c6eef13431e348d7be5bef75a') in 0.020507 seconds 
========================================================================
Received Import Request.
  Time since last request: 0.807130 seconds.
  path: Assets/Prefabs/Characters/enemies/Minotaur_1.prefab
  artifactKey: Guid(30a1968b45e81c841b6ac98da7cbbac6) Importer(815301076,1909f56bfc062723c751e8b465ee728b)
Start importing Assets/Prefabs/Characters/enemies/Minotaur_1.prefab using Guid(30a1968b45e81c841b6ac98da7cbbac6) Importer(815301076,1909f56bfc062723c751e8b465ee728b)  -> (artifact id: 'ea9b7d447ab41286d4d1339a71e33adb') in 0.015028 seconds 
========================================================================
Received Prepare
Registering precompiled user dll's ...
Registered in 0.003510 seconds.
Begin MonoManager ReloadAssembly
Native extension for WindowsStandalone target not found
Refreshing native plugins compatible for Editor in 1.21 ms, found 2 plugins.
Preloading 0 native plugins for Editor in 0.00 ms.
Mono: successfully reloaded assembly
- Completed reload, in  1.170 seconds
Platform modules already initialized, skipping
Shader 'Universal Render Pipeline/Particles/Lit': fallback shader 'Universal Render Pipeline/Particles/SimpleLit' not found
Refreshing native plugins compatible for Editor in 1.14 ms, found 2 plugins.
Preloading 0 native plugins for Editor in 0.00 ms.
Unloading 4654 Unused Serialized files (Serialized files now loaded: 0)
System memory in use before: 201.1 MB.
System memory in use after: 201.4 MB.

Unloading 13 unused Assets to reduce memory usage. Loaded Objects now: 5229.
Total: 3.914500 ms (FindLiveObjects: 0.395800 ms CreateObjectMapping: 0.149700 ms MarkObjects: 3.335300 ms  DeleteObjects: 0.031700 ms)

========================================================================
Received Prepare
Registering precompiled user dll's ...
Registered in 0.003482 seconds.
Begin MonoManager ReloadAssembly
Native extension for WindowsStandalone target not found
Refreshing native plugins compatible for Editor in 1.32 ms, found 2 plugins.
Preloading 0 native plugins for Editor in 0.00 ms.
Mono: successfully reloaded assembly
- Completed reload, in  1.228 seconds
Platform modules already initialized, skipping
Shader 'Universal Render Pipeline/Particles/Lit': fallback shader 'Universal Render Pipeline/Particles/SimpleLit' not found
Refreshing native plugins compatible for Editor in 1.15 ms, found 2 plugins.
Preloading 0 native plugins for Editor in 0.00 ms.
Unloading 4654 Unused Serialized files (Serialized files now loaded: 0)
System memory in use before: 201.2 MB.
System memory in use after: 201.4 MB.

Unloading 13 unused Assets to reduce memory usage. Loaded Objects now: 5233.
Total: 4.154000 ms (FindLiveObjects: 0.485400 ms CreateObjectMapping: 0.230200 ms MarkObjects: 3.412600 ms  DeleteObjects: 0.024200 ms)

========================================================================
Received Prepare
Registering precompiled user dll's ...
Registered in 0.004165 seconds.
Begin MonoManager ReloadAssembly
Native extension for WindowsStandalone target not found
Refreshing native plugins compatible for Editor in 1.09 ms, found 2 plugins.
Preloading 0 native plugins for Editor in 0.00 ms.
Mono: successfully reloaded assembly
- Completed reload, in  1.155 seconds
Platform modules already initialized, skipping
Shader 'Universal Render Pipeline/Particles/Lit': fallback shader 'Universal Render Pipeline/Particles/SimpleLit' not found
Refreshing native plugins compatible for Editor in 1.26 ms, found 2 plugins.
Preloading 0 native plugins for Editor in 0.00 ms.
Unloading 4654 Unused Serialized files (Serialized files now loaded: 0)
System memory in use before: 201.2 MB.
System memory in use after: 201.5 MB.

Unloading 13 unused Assets to reduce memory usage. Loaded Objects now: 5237.
Total: 3.435100 ms (FindLiveObjects: 0.422300 ms CreateObjectMapping: 0.147900 ms MarkObjects: 2.840200 ms  DeleteObjects: 0.023800 ms)

========================================================================
Received Prepare
Registering precompiled user dll's ...
Registered in 0.003467 seconds.
Begin MonoManager ReloadAssembly
Native extension for WindowsStandalone target not found
Refreshing native plugins compatible for Editor in 1.11 ms, found 2 plugins.
Preloading 0 native plugins for Editor in 0.00 ms.
Mono: successfully reloaded assembly
- Completed reload, in  1.218 seconds
Platform modules already initialized, skipping
Shader 'Universal Render Pipeline/Particles/Lit': fallback shader 'Universal Render Pipeline/Particles/SimpleLit' not found
Refreshing native plugins compatible for Editor in 1.27 ms, found 2 plugins.
Preloading 0 native plugins for Editor in 0.00 ms.
Unloading 4654 Unused Serialized files (Serialized files now loaded: 0)
System memory in use before: 201.2 MB.
System memory in use after: 201.5 MB.

Unloading 13 unused Assets to reduce memory usage. Loaded Objects now: 5241.
Total: 3.469700 ms (FindLiveObjects: 0.434300 ms CreateObjectMapping: 0.185100 ms MarkObjects: 2.828100 ms  DeleteObjects: 0.020900 ms)

========================================================================
Received Prepare
Registering precompiled user dll's ...
Registered in 0.003564 seconds.
Begin MonoManager ReloadAssembly
Native extension for WindowsStandalone target not found
Refreshing native plugins compatible for Editor in 1.13 ms, found 2 plugins.
Preloading 0 native plugins for Editor in 0.00 ms.
Mono: successfully reloaded assembly
- Completed reload, in  1.206 seconds
Platform modules already initialized, skipping
Shader 'Universal Render Pipeline/Particles/Lit': fallback shader 'Universal Render Pipeline/Particles/SimpleLit' not found
Refreshing native plugins compatible for Editor in 1.13 ms, found 2 plugins.
Preloading 0 native plugins for Editor in 0.00 ms.
Unloading 4654 Unused Serialized files (Serialized files now loaded: 0)
System memory in use before: 201.1 MB.
System memory in use after: 201.3 MB.

Unloading 13 unused Assets to reduce memory usage. Loaded Objects now: 5245.
Total: 5.291900 ms (FindLiveObjects: 0.524100 ms CreateObjectMapping: 0.186600 ms MarkObjects: 4.550500 ms  DeleteObjects: 0.029100 ms)

AssetImportWorkerClient::OnTransportError - code=2 error=End of file
